This file contains any messages produced by compilers while
running configure, to aid debugging if configure makes a mistake.

It was created by FULL-PACKAGE-NAME configure VERSION, which was
generated by GNU Autoconf 2.68.  Invocation command line was

  $ ./configure 

## --------- ##
## Platform. ##
## --------- ##

hostname = groupbasis12.groupbasis.local
uname -m = x86_64
uname -r = 3.5.0-2.fc17.x86_64
uname -s = Linux
uname -v = #1 SMP Mon Jul 30 14:48:59 UTC 2012

/usr/bin/uname -p = x86_64
/bin/uname -X     = unknown

/bin/arch              = x86_64
/usr/bin/arch -k       = unknown
/usr/convex/getsysinfo = unknown
/usr/bin/hostinfo      = unknown
/bin/machine           = unknown
/usr/bin/oslevel       = unknown
/bin/universe          = unknown

PATH: /home/dlittle/perl5/bin
PATH: /home/dlittle/perl5/bin
PATH: /usr/lib64/qt-3.3/bin
PATH: /usr/local/bin
PATH: /usr/bin
PATH: /bin
PATH: /usr/local/sbin
PATH: /usr/sbin
PATH: /home/dlittle/.local/bin
PATH: /home/dlittle/bin


## ----------- ##
## Core tests. ##
## ----------- ##

configure:2162: checking for a BSD-compatible install
configure:2230: result: /usr/bin/install -c
configure:2241: checking whether build environment is sane
configure:2291: result: yes
configure:2432: checking for a thread-safe mkdir -p
configure:2471: result: /usr/bin/mkdir -p
configure:2484: checking for gawk
configure:2500: found /usr/bin/gawk
configure:2511: result: gawk
configure:2522: checking whether make sets $(MAKE)
configure:2544: result: yes
configure:2677: checking for gcc
configure:2693: found /usr/bin/gcc
configure:2704: result: gcc
configure:2933: checking for C compiler version
configure:2942: gcc --version >&5
gcc (GCC) 4.7.0 20120507 (Red Hat 4.7.0-5)
Copyright (C) 2012 Free Software Foundation, Inc.
This is free software; see the source for copying conditions.  There is NO
warranty; not even for MERCHANTABILITY or FITNESS FOR A PARTICULAR PURPOSE.

configure:2953: $? = 0
configure:2942: gcc -v >&5
Using built-in specs.
COLLECT_GCC=gcc
COLLECT_LTO_WRAPPER=/usr/libexec/gcc/x86_64-redhat-linux/4.7.0/lto-wrapper
Target: x86_64-redhat-linux
Configured with: ../configure --prefix=/usr --mandir=/usr/share/man --infodir=/usr/share/info --with-bugurl=http://bugzilla.redhat.com/bugzilla --enable-bootstrap --enable-shared --enable-threads=posix --enable-checking=release --disable-build-with-cxx --disable-build-poststage1-with-cxx --with-system-zlib --enable-__cxa_atexit --disable-libunwind-exceptions --enable-gnu-unique-object --enable-linker-build-id --with-linker-hash-style=gnu --enable-languages=c,c++,objc,obj-c++,java,fortran,ada,go,lto --enable-plugin --enable-initfini-array --enable-java-awt=gtk --disable-dssi --with-java-home=/usr/lib/jvm/java-1.5.0-gcj-1.5.0.0/jre --enable-libgcj-multifile --enable-java-maintainer-mode --with-ecj-jar=/usr/share/java/eclipse-ecj.jar --disable-libjava-multilib --with-ppl --with-cloog --with-tune=generic --with-arch_32=i686 --build=x86_64-redhat-linux
Thread model: posix
gcc version 4.7.0 20120507 (Red Hat 4.7.0-5) (GCC) 
configure:2953: $? = 0
configure:2942: gcc -V >&5
gcc: error: unrecognized command line option '-V'
gcc: fatal error: no input files
compilation terminated.
configure:2953: $? = 4
configure:2942: gcc -qversion >&5
gcc: error: unrecognized command line option '-qversion'
gcc: fatal error: no input files
compilation terminated.
configure:2953: $? = 4
configure:2973: checking whether the C compiler works
configure:2995: gcc    conftest.c  >&5
configure:2999: $? = 0
configure:3047: result: yes
configure:3050: checking for C compiler default output file name
configure:3052: result: a.out
configure:3058: checking for suffix of executables
configure:3065: gcc -o conftest    conftest.c  >&5
configure:3069: $? = 0
configure:3091: result: 
configure:3113: checking whether we are cross compiling
configure:3121: gcc -o conftest    conftest.c  >&5
configure:3125: $? = 0
configure:3132: ./conftest
configure:3136: $? = 0
configure:3151: result: no
configure:3156: checking for suffix of object files
configure:3178: gcc -c   conftest.c >&5
configure:3182: $? = 0
configure:3203: result: o
configure:3207: checking whether we are using the GNU C compiler
configure:3226: gcc -c   conftest.c >&5
configure:3226: $? = 0
configure:3235: result: yes
configure:3244: checking whether gcc accepts -g
configure:3264: gcc -c -g  conftest.c >&5
configure:3264: $? = 0
configure:3305: result: yes
configure:3322: checking for gcc option to accept ISO C89
configure:3386: gcc  -c -g -O2  conftest.c >&5
configure:3386: $? = 0
configure:3399: result: none needed
configure:3430: checking for style of include used by make
configure:3458: result: GNU
configure:3484: checking dependency style of gcc
configure:3595: result: gcc3
configure:3620: checking how to run the C preprocessor
configure:3651: gcc -E  conftest.c
configure:3651: $? = 0
configure:3665: gcc -E  conftest.c
conftest.c:11:28: fatal error: ac_nonexistent.h: No such file or directory
compilation terminated.
configure:3665: $? = 1
configure: failed program was:
| /* confdefs.h */
| #define PACKAGE_NAME "FULL-PACKAGE-NAME"
| #define PACKAGE_TARNAME "full-package-name"
| #define PACKAGE_VERSION "VERSION"
| #define PACKAGE_STRING "FULL-PACKAGE-NAME VERSION"
| #define PACKAGE_BUGREPORT "BUG-REPORT-ADDRESS"
| #define PACKAGE_URL ""
| #define PACKAGE "hello"
| #define VERSION "0.1"
| /* end confdefs.h.  */
| #include <ac_nonexistent.h>
configure:3690: result: gcc -E
configure:3710: gcc -E  conftest.c
configure:3710: $? = 0
configure:3724: gcc -E  conftest.c
conftest.c:11:28: fatal error: ac_nonexistent.h: No such file or directory
compilation terminated.
configure:3724: $? = 1
configure: failed program was:
| /* confdefs.h */
| #define PACKAGE_NAME "FULL-PACKAGE-NAME"
| #define PACKAGE_TARNAME "full-package-name"
| #define PACKAGE_VERSION "VERSION"
| #define PACKAGE_STRING "FULL-PACKAGE-NAME VERSION"
| #define PACKAGE_BUGREPORT "BUG-REPORT-ADDRESS"
| #define PACKAGE_URL ""
| #define PACKAGE "hello"
| #define VERSION "0.1"
| /* end confdefs.h.  */
| #include <ac_nonexistent.h>
configure:3753: checking for grep that handles long lines and -e
configure:3811: result: /usr/bin/grep
configure:3816: checking for egrep
configure:3878: result: /usr/bin/grep -E
configure:3883: checking for ANSI C header files
configure:3903: gcc -c -g -O2  conftest.c >&5
configure:3903: $? = 0
configure:3976: gcc -o conftest -g -O2   conftest.c  >&5
configure:3976: $? = 0
configure:3976: ./conftest
configure:3976: $? = 0
configure:3987: result: yes
configure:4000: checking for sys/types.h
configure:4000: gcc -c -g -O2  conftest.c >&5
configure:4000: $? = 0
configure:4000: result: yes
configure:4000: checking for sys/stat.h
configure:4000: gcc -c -g -O2  conftest.c >&5
configure:4000: $? = 0
configure:4000: result: yes
configure:4000: checking for stdlib.h
configure:4000: gcc -c -g -O2  conftest.c >&5
configure:4000: $? = 0
configure:4000: result: yes
configure:4000: checking for string.h
configure:4000: gcc -c -g -O2  conftest.c >&5
configure:4000: $? = 0
configure:4000: result: yes
configure:4000: checking for memory.h
configure:4000: gcc -c -g -O2  conftest.c >&5
configure:4000: $? = 0
configure:4000: result: yes
configure:4000: checking for strings.h
configure:4000: gcc -c -g -O2  conftest.c >&5
configure:4000: $? = 0
configure:4000: result: yes
configure:4000: checking for inttypes.h
configure:4000: gcc -c -g -O2  conftest.c >&5
configure:4000: $? = 0
configure:4000: result: yes
configure:4000: checking for stdint.h
configure:4000: gcc -c -g -O2  conftest.c >&5
configure:4000: $? = 0
configure:4000: result: yes
configure:4000: checking for unistd.h
configure:4000: gcc -c -g -O2  conftest.c >&5
configure:4000: $? = 0
configure:4000: result: yes
configure:4014: checking sys/time.h usability
configure:4014: gcc -c -g -O2  conftest.c >&5
configure:4014: $? = 0
configure:4014: result: yes
configure:4014: checking sys/time.h presence
configure:4014: gcc -E  conftest.c
configure:4014: $? = 0
configure:4014: result: yes
configure:4014: checking for sys/time.h
configure:4014: result: yes
configure:4030: checking for gettimeofday
configure:4030: gcc -o conftest -g -O2   conftest.c  >&5
configure:4030: $? = 0
configure:4030: result: yes
configure:4172: creating ./config.status

## ---------------------- ##
## Running config.status. ##
## ---------------------- ##

This file was extended by FULL-PACKAGE-NAME config.status VERSION, which was
generated by GNU Autoconf 2.68.  Invocation command line was

  CONFIG_FILES    = 
  CONFIG_HEADERS  = 
  CONFIG_LINKS    = 
  CONFIG_COMMANDS = 
  $ ./config.status 

on groupbasis12.groupbasis.local

config.status:863: creating Makefile
config.status:863: creating src/Makefile
config.status:863: creating config.h
config.status:1044: config.h is unchanged
config.status:1092: executing depfiles commands

## ---------------- ##
## Cache variables. ##
## ---------------- ##

ac_cv_c_compiler_gnu=yes
ac_cv_env_CC_set=
ac_cv_env_CC_value=
ac_cv_env_CFLAGS_set=
ac_cv_env_CFLAGS_value=
ac_cv_env_CPPFLAGS_set=
ac_cv_env_CPPFLAGS_value=
ac_cv_env_CPP_set=
ac_cv_env_CPP_value=
ac_cv_env_LDFLAGS_set=
ac_cv_env_LDFLAGS_value=
ac_cv_env_LIBS_set=
ac_cv_env_LIBS_value=
ac_cv_env_build_alias_set=
ac_cv_env_build_alias_value=
ac_cv_env_host_alias_set=
ac_cv_env_host_alias_value=
ac_cv_env_target_alias_set=
ac_cv_env_target_alias_value=
ac_cv_func_gettimeofday=yes
ac_cv_header_inttypes_h=yes
ac_cv_header_memory_h=yes
ac_cv_header_stdc=yes
ac_cv_header_stdint_h=yes
ac_cv_header_stdlib_h=yes
ac_cv_header_string_h=yes
ac_cv_header_strings_h=yes
ac_cv_header_sys_stat_h=yes
ac_cv_header_sys_time_h=yes
ac_cv_header_sys_types_h=yes
ac_cv_header_unistd_h=yes
ac_cv_objext=o
ac_cv_path_EGREP='/usr/bin/grep -E'
ac_cv_path_GREP=/usr/bin/grep
ac_cv_path_install='/usr/bin/install -c'
ac_cv_path_mkdir=/usr/bin/mkdir
ac_cv_prog_AWK=gawk
ac_cv_prog_CPP='gcc -E'
ac_cv_prog_ac_ct_CC=gcc
ac_cv_prog_cc_c89=
ac_cv_prog_cc_g=yes
ac_cv_prog_make_make_set=yes
am_cv_CC_dependencies_compiler_type=gcc3

## ----------------- ##
## Output variables. ##
## ----------------- ##

ACLOCAL='${SHELL} /home/dlittle/src/automated/missing --run aclocal-1.11'
AMDEPBACKSLASH='\'
AMDEP_FALSE='#'
AMDEP_TRUE=''
AMTAR='$${TAR-tar}'
AUTOCONF='${SHELL} /home/dlittle/src/automated/missing --run autoconf'
AUTOHEADER='${SHELL} /home/dlittle/src/automated/missing --run autoheader'
AUTOMAKE='${SHELL} /home/dlittle/src/automated/missing --run automake-1.11'
AWK='gawk'
CC='gcc'
CCDEPMODE='depmode=gcc3'
CFLAGS='-g -O2'
CPP='gcc -E'
CPPFLAGS=''
CYGPATH_W='echo'
DEFS='-DHAVE_CONFIG_H'
DEPDIR='.deps'
ECHO_C=''
ECHO_N='-n'
ECHO_T=''
EGREP='/usr/bin/grep -E'
EXEEXT=''
GREP='/usr/bin/grep'
INSTALL_DATA='${INSTALL} -m 644'
INSTALL_PROGRAM='${INSTALL}'
INSTALL_SCRIPT='${INSTALL}'
INSTALL_STRIP_PROGRAM='$(install_sh) -c -s'
LDFLAGS=''
LIBOBJS=''
LIBS=''
LTLIBOBJS=''
MAKEINFO='${SHELL} /home/dlittle/src/automated/missing --run makeinfo'
MKDIR_P='/usr/bin/mkdir -p'
OBJEXT='o'
PACKAGE='hello'
PACKAGE_BUGREPORT='BUG-REPORT-ADDRESS'
PACKAGE_NAME='FULL-PACKAGE-NAME'
PACKAGE_STRING='FULL-PACKAGE-NAME VERSION'
PACKAGE_TARNAME='full-package-name'
PACKAGE_URL=''
PACKAGE_VERSION='VERSION'
PATH_SEPARATOR=':'
SET_MAKE=''
SHELL='/bin/sh'
STRIP=''
VERSION='0.1'
ac_ct_CC='gcc'
am__EXEEXT_FALSE=''
am__EXEEXT_TRUE='#'
am__fastdepCC_FALSE='#'
am__fastdepCC_TRUE=''
am__include='include'
am__isrc=''
am__leading_dot='.'
am__nodep='_no'
am__quote=''
am__tar='$${TAR-tar} chof - "$$tardir"'
am__untar='$${TAR-tar} xf -'
bindir='${exec_prefix}/bin'
build_alias=''
datadir='${datarootdir}'
datarootdir='${prefix}/share'
docdir='${datarootdir}/doc/${PACKAGE_TARNAME}'
dvidir='${docdir}'
exec_prefix='${prefix}'
host_alias=''
htmldir='${docdir}'
includedir='${prefix}/include'
infodir='${datarootdir}/info'
install_sh='${SHELL} /home/dlittle/src/automated/install-sh'
libdir='${exec_prefix}/lib'
libexecdir='${exec_prefix}/libexec'
localedir='${datarootdir}/locale'
localstatedir='${prefix}/var'
mandir='${datarootdir}/man'
mkdir_p='/usr/bin/mkdir -p'
oldincludedir='/usr/include'
pdfdir='${docdir}'
prefix='/usr/local'
program_transform_name='s,x,x,'
psdir='${docdir}'
sbindir='${exec_prefix}/sbin'
sharedstatedir='${prefix}/com'
sysconfdir='${prefix}/etc'
target_alias=''

## ----------- ##
## confdefs.h. ##
## ----------- ##

/* confdefs.h */
#define PACKAGE_NAME "FULL-PACKAGE-NAME"
#define PACKAGE_TARNAME "full-package-name"
#define PACKAGE_VERSION "VERSION"
#define PACKAGE_STRING "FULL-PACKAGE-NAME VERSION"
#define PACKAGE_BUGREPORT "BUG-REPORT-ADDRESS"
#define PACKAGE_URL ""
#define PACKAGE "hello"
#define VERSION "0.1"
#define STDC_HEADERS 1
#define HAVE_SYS_TYPES_H 1
#define HAVE_SYS_STAT_H 1
#define HAVE_STDLIB_H 1
#define HAVE_STRING_H 1
#define HAVE_MEMORY_H 1
#define HAVE_STRINGS_H 1
#define HAVE_INTTYPES_H 1
#define HAVE_STDINT_H 1
#define HAVE_UNISTD_H 1
#define HAVE_SYS_TIME_H 1
#define HAVE_GETTIMEOFDAY 1

configure: exit 0

## ---------------------- ##
## Running config.status. ##
## ---------------------- ##

This file was extended by FULL-PACKAGE-NAME config.status VERSION, which was
generated by GNU Autoconf 2.68.  Invocation command line was

  CONFIG_FILES    = 
  CONFIG_HEADERS  = 
  CONFIG_LINKS    = 
  CONFIG_COMMANDS = 
  $ ./config.status src/Makefile depfiles

on groupbasis12.groupbasis.local

config.status:863: creating src/Makefile
config.status:1092: executing depfiles commands
